<?xml version="1.0" encoding="UTF-8"?>
<testng-results ignored="0" total="1" passed="1" failed="0" skipped="0">
  <reporter-output>
  </reporter-output>
  <suite started-at="2025-03-06T12:42:06Z" name="Suite" finished-at="2025-03-06T12:45:07Z" duration-ms="181399">
    <groups>
    </groups>
    <test started-at="2025-03-06T12:42:06Z" name="Test" finished-at="2025-03-06T12:45:07Z" duration-ms="181399">
      <class name="Flight_Booking.FlightBooking">
        <test-method signature="flightBooking(java.lang.String, java.lang.String, java.lang.String, java.lang.String, java.lang.String, java.lang.String, java.lang.String, java.lang.String, java.lang.String, java.lang.String, java.lang.String, java.lang.String, java.lang.String, java.lang.String, java.lang.String, java.lang.String, java.lang.String, java.lang.String, java.lang.String, java.lang.String, java.lang.String, java.lang.String, java.lang.String, java.lang.String, java.lang.String, java.lang.String, java.lang.String, java.lang.String, java.lang.String, java.lang.String, java.lang.String, java.lang.String, java.lang.String, java.lang.String, java.lang.String, java.lang.String, java.lang.String, java.lang.String, java.lang.String, java.lang.String, java.lang.String, java.lang.String, java.lang.String, java.lang.String, java.lang.String, java.lang.String, java.lang.String, java.lang.String, java.lang.String, java.lang.String, java.lang.String, java.lang.String, java.lang.String, java.lang.String, java.lang.String, java.lang.String, java.lang.String, java.lang.String)[pri:0, instance:Flight_Booking.FlightBooking@36cda2c2]" started-at="2025-03-06T18:12:07Z" name="flightBooking" data-provider="getexceldata" finished-at="2025-03-06T18:15:07Z" duration-ms="179951" status="PASS">
          <params>
            <param index="0">
              <value>
                <![CDATA[Test on Flight 1]]>
              </value>
            </param>
            <param index="1">
              <value>
                <![CDATA[Verify one way(Dependent) flight booking flow]]>
              </value>
            </param>
            <param index="2">
              <value>
                <![CDATA[SaudiaSBT]]>
              </value>
            </param>
            <param index="3">
              <value>
                <![CDATA[//dev.saudia.quadlabs.net/]]>
              </value>
            </param>
            <param index="4">
              <value>
                <![CDATA[Anant Kumar]]>
              </value>
            </param>
            <param index="5">
              <value>
                <![CDATA[Administrator]]>
              </value>
            </param>
            <param index="6">
              <value>
                <![CDATA[akshay.kumar@quadlabs.com]]>
              </value>
            </param>
            <param index="7">
              <value>
                <![CDATA[Qlindia@1234]]>
              </value>
            </param>
            <param index="8">
              <value>
                <![CDATA[OneWay]]>
              </value>
            </param>
            <param index="9">
              <value>
                <![CDATA[Domestic]]>
              </value>
            </param>
            <param index="10">
              <value>
                <![CDATA[jed]]>
              </value>
            </param>
            <param index="11">
              <value>
                <![CDATA[Jeddah, Saudi Arabia
King Abdulaziz International]]>
              </value>
            </param>
            <param index="12">
              <value>
                <![CDATA[dxb]]>
              </value>
            </param>
            <param index="13">
              <value>
                <![CDATA[Dubai, United Arab Emirates
Dubai International]]>
              </value>
            </param>
            <param index="14">
              <value>
                <![CDATA[24-March-2025]]>
              </value>
            </param>
            <param index="15">
              <value>
                <![CDATA[22-April-2025]]>
              </value>
            </param>
            <param index="16">
              <value>
                <![CDATA[Employee]]>
              </value>
            </param>
            <param index="17">
              <value>
                <![CDATA[FamilyT]]>
              </value>
            </param>
            <param index="18">
              <value>
                <![CDATA[2]]>
              </value>
            </param>
            <param index="19">
              <value>
                <![CDATA[1]]>
              </value>
            </param>
            <param index="20">
              <value>
                <![CDATA[1]]>
              </value>
            </param>
            <param index="21">
              <value>
                <![CDATA[1]]>
              </value>
            </param>
            <param index="22">
              <value>
                <![CDATA[Yes]]>
              </value>
            </param>
            <param index="23">
              <value>
                <![CDATA[Guest]]>
              </value>
            </param>
            <param index="24">
              <value>
                <![CDATA[5]]>
              </value>
            </param>
            <param index="25">
              <value>
                <![CDATA[Flex]]>
              </value>
            </param>
            <param index="26">
              <value>
                <![CDATA[Semi Flex]]>
              </value>
            </param>
            <param index="27">
              <value>
                <![CDATA[Guest]]>
              </value>
            </param>
            <param index="28">
              <value>
                <![CDATA[2]]>
              </value>
            </param>
            <param index="29">
              <value>
                <![CDATA[Flex]]>
              </value>
            </param>
            <param index="30">
              <value>
                <![CDATA[Semi Flex]]>
              </value>
            </param>
            <param index="31">
              <value>
                <![CDATA[No]]>
              </value>
            </param>
            <param index="32">
              <value>
                <![CDATA[Yes]]>
              </value>
            </param>
            <param index="33">
              <value>
                <![CDATA[RoundTrip]]>
              </value>
            </param>
            <param index="34">
              <value>
                <![CDATA[Domestic]]>
              </value>
            </param>
            <param index="35">
              <value>
                <![CDATA[dxb]]>
              </value>
            </param>
            <param index="36">
              <value>
                <![CDATA[Dubai, United Arab Emirates
Dubai International]]>
              </value>
            </param>
            <param index="37">
              <value>
                <![CDATA[jed]]>
              </value>
            </param>
            <param index="38">
              <value>
                <![CDATA[Jeddah, Saudi Arabia
King Abdulaziz International]]>
              </value>
            </param>
            <param index="39">
              <value>
                <![CDATA[Yes]]>
              </value>
            </param>
            <param index="40">
              <value>
                <![CDATA[24-February-2025]]>
              </value>
            </param>
            <param index="41">
              <value>
                <![CDATA[27-February-2025]]>
              </value>
            </param>
            <param index="42">
              <value>
                <![CDATA[No]]>
              </value>
            </param>
            <param index="43">
              <value>
                <![CDATA[1]]>
              </value>
            </param>
            <param index="44">
              <value>
                <![CDATA[1]]>
              </value>
            </param>
            <param index="45">
              <value>
                <![CDATA[1]]>
              </value>
            </param>
            <param index="46">
              <value>
                <![CDATA[No]]>
              </value>
            </param>
            <param index="47">
              <value>
                <![CDATA[Economy]]>
              </value>
            </param>
            <param index="48">
              <value>
                <![CDATA[SelectExtras]]>
              </value>
            </param>
            <param index="49">
              <value>
                <![CDATA[3]]>
              </value>
            </param>
            <param index="50">
              <value>
                <![CDATA[MeetAndGreet,Baggage,Seat,FastTrack]]>
              </value>
            </param>
            <param index="51">
              <value>
                <![CDATA[33 C]]>
              </value>
            </param>
            <param index="52">
              <value>
                <![CDATA[37 B]]>
              </value>
            </param>
            <param index="53">
              <value>
                <![CDATA[1]]>
              </value>
            </param>
            <param index="54">
              <value>
                <![CDATA[UseDifferentCard]]>
              </value>
            </param>
            <param index="55">
              <value>
                <![CDATA[340000000001098]]>
              </value>
            </param>
            <param index="56">
              <value>
                <![CDATA[Test Test]]>
              </value>
            </param>
            <param index="57">
              <value>
                <![CDATA[1234]]>
              </value>
            </param>
          </params>
          <reporter-output>
          </reporter-output>
        </test-method> <!-- flightBooking -->
        <test-method is-config="true" signature="After_Test()[pri:0, instance:Flight_Booking.FlightBooking@36cda2c2]" started-at="2025-03-06T18:15:07Z" name="After_Test" finished-at="2025-03-06T18:15:07Z" duration-ms="252" status="PASS">
          <reporter-output>
          </reporter-output>
        </test-method> <!-- After_Test -->
      </class> <!-- Flight_Booking.FlightBooking -->
    </test> <!-- Test -->
  </suite> <!-- Suite -->
</testng-results>
