<?xml version="1.0" encoding="UTF-8"?>
<testng-results ignored="0" total="1" passed="0" failed="1" skipped="0">
  <reporter-output>
  </reporter-output>
  <suite started-at="2025-02-28T12:13:07Z" name="Default suite" finished-at="2025-02-28T12:17:03Z" duration-ms="236187">
    <groups>
    </groups>
    <test started-at="2025-02-28T12:13:07Z" name="Default test" finished-at="2025-02-28T12:17:03Z" duration-ms="236187">
      <class name="flightbookingAssignTask.FileBookingForEmployee">
        <test-method signature="flightBooking(java.lang.String, java.lang.String, java.lang.String, java.lang.String, java.lang.String, java.lang.String, java.lang.String, java.lang.String, java.lang.String, java.lang.String, java.lang.String, java.lang.String, java.lang.String, java.lang.String, java.lang.String, java.lang.String, java.lang.String, java.lang.String, java.lang.String, java.lang.String, java.lang.String, java.lang.String, java.lang.String, java.lang.String, java.lang.String, java.lang.String, java.lang.String, java.lang.String, java.lang.String, java.lang.String, java.lang.String, java.lang.String, java.lang.String, java.lang.String, java.lang.String, java.lang.String, java.lang.String, java.lang.String, java.lang.String, java.lang.String, java.lang.String, java.lang.String, java.lang.String, java.lang.String, java.lang.String, java.lang.String, java.lang.String, java.lang.String, java.lang.String)[pri:0, instance:flightbookingAssignTask.FileBookingForEmployee@4671115f]" started-at="2025-02-28T17:43:08Z" name="flightBooking" data-provider="getexceldata" finished-at="2025-02-28T17:47:03Z" duration-ms="234748" status="FAIL">
          <params>
            <param index="0">
              <value>
                <![CDATA[Test on Flight 1]]>
              </value>
            </param>
            <param index="1">
              <value>
                <![CDATA[Verify Multicity(Individual) flight booking flow]]>
              </value>
            </param>
            <param index="2">
              <value>
                <![CDATA[SaudiaSBT]]>
              </value>
            </param>
            <param index="3">
              <value>
                <![CDATA[//dev.saudia.quadlabs.net/]]>
              </value>
            </param>
            <param index="4">
              <value>
                <![CDATA[Bal Krishna Sharma]]>
              </value>
            </param>
            <param index="5">
              <value>
                <![CDATA[Employee]]>
              </value>
            </param>
            <param index="6">
              <value>
                <![CDATA[kumar.gaurav@quadlabs.com]]>
              </value>
            </param>
            <param index="7">
              <value>
                <![CDATA[Qlindia@1234]]>
              </value>
            </param>
            <param index="8">
              <value>
                <![CDATA[MultiCity]]>
              </value>
            </param>
            <param index="9">
              <value>
                <![CDATA[Domestic]]>
              </value>
            </param>
            <param index="10">
              <value>
                <![CDATA[jed]]>
              </value>
            </param>
            <param index="11">
              <value>
                <![CDATA[dxb]]>
              </value>
            </param>
            <param index="12">
              <value>
                <![CDATA[ruh]]>
              </value>
            </param>
            <param index="13">
              <value>
                <![CDATA[Jeddah, Saudi Arabia
King Abdulaziz International]]>
              </value>
            </param>
            <param index="14">
              <value>
                <![CDATA[Dubai, United Arab Emirates
Dubai International]]>
              </value>
            </param>
            <param index="15">
              <value>
                <![CDATA[Riyadh, Saudi Arabia
King Khalid International]]>
              </value>
            </param>
            <param index="16">
              <value>
                <![CDATA[dxb]]>
              </value>
            </param>
            <param index="17">
              <value>
                <![CDATA[ruh]]>
              </value>
            </param>
            <param index="18">
              <value>
                <![CDATA[jed]]>
              </value>
            </param>
            <param index="19">
              <value>
                <![CDATA[Dubai, United Arab Emirates
Dubai International]]>
              </value>
            </param>
            <param index="20">
              <value>
                <![CDATA[Riyadh, Saudi Arabia
King Khalid International]]>
              </value>
            </param>
            <param index="21">
              <value>
                <![CDATA[Jeddah, Saudi Arabia
King Abdulaziz International]]>
              </value>
            </param>
            <param index="22">
              <value>
                <![CDATA[19-March-2025]]>
              </value>
            </param>
            <param index="23">
              <value>
                <![CDATA[20-March-2025]]>
              </value>
            </param>
            <param index="24">
              <value>
                <![CDATA[21-March-2025]]>
              </value>
            </param>
            <param index="25">
              <value>
                <![CDATA[14-April-2025]]>
              </value>
            </param>
            <param index="26">
              <value>
                <![CDATA[Employee]]>
              </value>
            </param>
            <param index="27">
              <value>
                <![CDATA[No]]>
              </value>
            </param>
            <param index="28">
              <value>
                <![CDATA[Guest]]>
              </value>
            </param>
            <param index="29">
              <value>
                <![CDATA[5]]>
              </value>
            </param>
            <param index="30">
              <value>
                <![CDATA[5]]>
              </value>
            </param>
            <param index="31">
              <value>
                <![CDATA[Guest Semi Flex]]>
              </value>
            </param>
            <param index="32">
              <value>
                <![CDATA[Business Basic]]>
              </value>
            </param>
            <param index="33">
              <value>
                <![CDATA[Guest]]>
              </value>
            </param>
            <param index="34">
              <value>
                <![CDATA[5]]>
              </value>
            </param>
            <param index="35">
              <value>
                <![CDATA[Flex]]>
              </value>
            </param>
            <param index="36">
              <value>
                <![CDATA[Semi Flex]]>
              </value>
            </param>
            <param index="37">
              <value>
                <![CDATA[SelectExtras]]>
              </value>
            </param>
            <param index="38">
              <value>
                <![CDATA[1]]>
              </value>
            </param>
            <param index="39">
              <value>
                <![CDATA[Seat,Baggage,MeetAndGreet,FastTrack,]]>
              </value>
            </param>
            <param index="40">
              <value>
                <![CDATA[34 C]]>
              </value>
            </param>
            <param index="41">
              <value>
                <![CDATA[39 A]]>
              </value>
            </param>
            <param index="42">
              <value>
                <![CDATA[41 A]]>
              </value>
            </param>
            <param index="43">
              <value>
                <![CDATA[47 A]]>
              </value>
            </param>
            <param index="44">
              <value>
                <![CDATA[1]]>
              </value>
            </param>
            <param index="45">
              <value>
                <![CDATA[UseDifferentCard]]>
              </value>
            </param>
            <param index="46">
              <value>
                <![CDATA[340000000001098]]>
              </value>
            </param>
            <param index="47">
              <value>
                <![CDATA[Bal Krishna]]>
              </value>
            </param>
            <param index="48">
              <value>
                <![CDATA[1234]]>
              </value>
            </param>
          </params>
          <exception class="org.openqa.selenium.NoSuchElementException">
            <message>
              <![CDATA[no such element: Unable to locate element: {"method":"xpath","selector":"//button[@class='button--primary-small mdc-button mat-mdc-button mat-unthemed mat-mdc-button-base']"}
  (Session info: chrome=133.0.6943.142)
For documentation on this error, please visit: https://selenium.dev/exceptions/#no_such_element
Build info: version: '4.1.4', revision: '535d840ee2'
System info: host: 'QLINGGNQADT0033', ip: '192.168.111.116', os.name: 'Windows 10', os.arch: 'amd64', os.version: '10.0', java.version: '17.0.1'
Driver info: org.openqa.selenium.chrome.ChromeDriver
Command: [bac624340476b7324f018f37afbef2cf, findElement {using=xpath, value=//button[@class='button--primary-small mdc-button mat-mdc-button mat-unthemed mat-mdc-button-base']}]
Capabilities {acceptInsecureCerts: false, browserName: chrome, browserVersion: 133.0.6943.142, chrome: {chromedriverVersion: 132.0.6834.83 (03d59cf5ecf1..., userDataDir: C:\Users\BALKRI~1.SHA\AppDa...}, fedcm:accounts: true, goog:chromeOptions: {debuggerAddress: localhost:63411}, javascriptEnabled: true, networkConnectionEnabled: false, pageLoadStrategy: normal, platform: WINDOWS, platformName: WINDOWS, proxy: Proxy(), se:cdp: ws://localhost:63411/devtoo..., se:cdpVersion: 133.0.6943.142, setWindowRect: true, strictFileInteractability: false, timeouts: {implicit: 0, pageLoad: 300000, script: 30000}, unhandledPromptBehavior: dismiss and notify, webauthn:extension:credBlob: true, webauthn:extension:largeBlob: true, webauthn:extension:minPinLength: true, webauthn:extension:prf: true, webauthn:virtualAuthenticators: true}
Session ID: bac624340476b7324f018f37afbef2cf]]>
            </message>
            <full-stacktrace>
              <![CDATA[org.openqa.selenium.NoSuchElementException: no such element: Unable to locate element: {"method":"xpath","selector":"//button[@class='button--primary-small mdc-button mat-mdc-button mat-unthemed mat-mdc-button-base']"}
  (Session info: chrome=133.0.6943.142)
For documentation on this error, please visit: https://selenium.dev/exceptions/#no_such_element
Build info: version: '4.1.4', revision: '535d840ee2'
System info: host: 'QLINGGNQADT0033', ip: '192.168.111.116', os.name: 'Windows 10', os.arch: 'amd64', os.version: '10.0', java.version: '17.0.1'
Driver info: org.openqa.selenium.chrome.ChromeDriver
Command: [bac624340476b7324f018f37afbef2cf, findElement {using=xpath, value=//button[@class='button--primary-small mdc-button mat-mdc-button mat-unthemed mat-mdc-button-base']}]
Capabilities {acceptInsecureCerts: false, browserName: chrome, browserVersion: 133.0.6943.142, chrome: {chromedriverVersion: 132.0.6834.83 (03d59cf5ecf1..., userDataDir: C:\Users\BALKRI~1.SHA\AppDa...}, fedcm:accounts: true, goog:chromeOptions: {debuggerAddress: localhost:63411}, javascriptEnabled: true, networkConnectionEnabled: false, pageLoadStrategy: normal, platform: WINDOWS, platformName: WINDOWS, proxy: Proxy(), se:cdp: ws://localhost:63411/devtoo..., se:cdpVersion: 133.0.6943.142, setWindowRect: true, strictFileInteractability: false, timeouts: {implicit: 0, pageLoad: 300000, script: 30000}, unhandledPromptBehavior: dismiss and notify, webauthn:extension:credBlob: true, webauthn:extension:largeBlob: true, webauthn:extension:minPinLength: true, webauthn:extension:prf: true, webauthn:virtualAuthenticators: true}
Session ID: bac624340476b7324f018f37afbef2cf
	at java.base/jdk.internal.reflect.NativeConstructorAccessorImpl.newInstance0(Native Method)
	at java.base/jdk.internal.reflect.NativeConstructorAccessorImpl.newInstance(NativeConstructorAccessorImpl.java:77)
	at java.base/jdk.internal.reflect.DelegatingConstructorAccessorImpl.newInstance(DelegatingConstructorAccessorImpl.java:45)
	at java.base/java.lang.reflect.Constructor.newInstanceWithCaller(Constructor.java:499)
	at java.base/java.lang.reflect.Constructor.newInstance(Constructor.java:480)
	at org.openqa.selenium.remote.codec.w3c.W3CHttpResponseCodec.createException(W3CHttpResponseCodec.java:200)
	at org.openqa.selenium.remote.codec.w3c.W3CHttpResponseCodec.decode(W3CHttpResponseCodec.java:133)
	at org.openqa.selenium.remote.codec.w3c.W3CHttpResponseCodec.decode(W3CHttpResponseCodec.java:53)
	at org.openqa.selenium.remote.HttpCommandExecutor.execute(HttpCommandExecutor.java:184)
	at org.openqa.selenium.remote.service.DriverCommandExecutor.invokeExecute(DriverCommandExecutor.java:167)
	at org.openqa.selenium.remote.service.DriverCommandExecutor.execute(DriverCommandExecutor.java:142)
	at org.openqa.selenium.remote.RemoteWebDriver.execute(RemoteWebDriver.java:567)
	at org.openqa.selenium.remote.ElementLocation$ElementFinder$2.findElement(ElementLocation.java:162)
	at org.openqa.selenium.remote.ElementLocation.findElement(ElementLocation.java:60)
	at org.openqa.selenium.remote.RemoteWebDriver.findElement(RemoteWebDriver.java:385)
	at org.openqa.selenium.remote.RemoteWebDriver.findElement(RemoteWebDriver.java:377)
	at utilities.QaRobot.getLocator(QaRobot.java:71)
	at utilities.QaRobot.getWebElement(QaRobot.java:195)
	at utilities.QaRobot.clickOnDisableElement(QaRobot.java:482)
	at flightbookingAssignTask.ExtrasPage.SelectExtras(ExtrasPage.java:151)
	at flightbookingAssignTask.FileBookingForEmployee.flightBooking(FileBookingForEmployee.java:77)
	at java.base/jdk.internal.reflect.NativeMethodAccessorImpl.invoke0(Native Method)
	at java.base/jdk.internal.reflect.NativeMethodAccessorImpl.invoke(NativeMethodAccessorImpl.java:77)
	at java.base/jdk.internal.reflect.DelegatingMethodAccessorImpl.invoke(DelegatingMethodAccessorImpl.java:43)
	at java.base/java.lang.reflect.Method.invoke(Method.java:568)
	at org.testng.internal.MethodInvocationHelper.invokeMethod(MethodInvocationHelper.java:104)
	at org.testng.internal.Invoker.invokeMethod(Invoker.java:645)
	at org.testng.internal.Invoker.invokeTestMethod(Invoker.java:851)
	at org.testng.internal.Invoker.invokeTestMethods(Invoker.java:1177)
	at org.testng.internal.TestMethodWorker.invokeTestMethods(TestMethodWorker.java:129)
	at org.testng.internal.TestMethodWorker.run(TestMethodWorker.java:112)
	at org.testng.TestRunner.privateRun(TestRunner.java:756)
	at org.testng.TestRunner.run(TestRunner.java:610)
	at org.testng.SuiteRunner.runTest(SuiteRunner.java:387)
	at org.testng.SuiteRunner.runSequentially(SuiteRunner.java:382)
	at org.testng.SuiteRunner.privateRun(SuiteRunner.java:340)
	at org.testng.SuiteRunner.run(SuiteRunner.java:289)
	at org.testng.SuiteRunnerWorker.runSuite(SuiteRunnerWorker.java:52)
	at org.testng.SuiteRunnerWorker.run(SuiteRunnerWorker.java:86)
	at org.testng.TestNG.runSuitesSequentially(TestNG.java:1293)
	at org.testng.TestNG.runSuitesLocally(TestNG.java:1218)
	at org.testng.TestNG.runSuites(TestNG.java:1133)
	at org.testng.TestNG.run(TestNG.java:1104)
	at org.testng.remote.AbstractRemoteTestNG.run(AbstractRemoteTestNG.java:115)
	at org.testng.remote.RemoteTestNG.initAndRun(RemoteTestNG.java:251)
	at org.testng.remote.RemoteTestNG.main(RemoteTestNG.java:77)
]]>
            </full-stacktrace>
          </exception> <!-- org.openqa.selenium.NoSuchElementException -->
          <reporter-output>
          </reporter-output>
        </test-method> <!-- flightBooking -->
        <test-method is-config="true" signature="After_Test()[pri:0, instance:flightbookingAssignTask.FileBookingForEmployee@4671115f]" started-at="2025-02-28T17:47:03Z" name="After_Test" finished-at="2025-02-28T17:47:03Z" duration-ms="340" status="PASS">
          <reporter-output>
          </reporter-output>
        </test-method> <!-- After_Test -->
      </class> <!-- flightbookingAssignTask.FileBookingForEmployee -->
    </test> <!-- Default test -->
  </suite> <!-- Default suite -->
</testng-results>
